<?xml version="1.0" encoding="UTF-8"?>
<!-- Generated by org.testng.reporters.JUnitReportReporter -->
<testsuite skipped="0" hostname="paky-HP" name="Test_1.test2" tests="1" failures="0" timestamp="26 Oct 2018 14:23:24 GMT" time="0.034" errors="0">
  <testcase name="abc" time="0.034" classname="Test_1.test2"/>
</testsuite> <!-- Test_1.test2 -->
